<?xml version="1.0" encoding="UTF-8"?>
<testsuite name="de.htwberlin.webtech.WebtechApplicationTests" tests="1" skipped="0" failures="0" errors="0" timestamp="2024-05-28T17:07:49" hostname="DESKTOP-JKPDDU5" time="0.56">
  <properties/>
  <testcase name="contextLoads()" classname="de.htwberlin.webtech.WebtechApplicationTests" time="0.56"/>
  <system-out><![CDATA[19:07:48.522 [Test worker] INFO org.springframework.test.context.support.AnnotationConfigContextLoaderUtils -- Could not detect default configuration classes for test class [de.htwberlin.webtech.WebtechApplicationTests]: WebtechApplicationTests does not declare any static, non-private, non-final, nested classes annotated with @Configuration.
19:07:48.613 [Test worker] INFO org.springframework.boot.test.context.SpringBootTestContextBootstrapper -- Found @SpringBootConfiguration de.htwberlin.webtech.WebtechApplication for test class de.htwberlin.webtech.WebtechApplicationTests

  .   ____          _            __ _ _
 /\\ / ___'_ __ _ _(_)_ __  __ _ \ \ \ \
( ( )\___ | '_ | '_| | '_ \/ _` | \ \ \ \
 \\/  ___)| |_)| | | | | || (_| |  ) ) ) )
  '  |____| .__|_| |_|_| |_\__, | / / / /
 =========|_|==============|___/=/_/_/_/
 :: Spring Boot ::                (v3.2.5)

2024-05-28T19:07:48.939+02:00  INFO 16548 --- [webtech] [    Test worker] d.h.webtech.WebtechApplicationTests      : Starting WebtechApplicationTests using Java 21.0.1 with PID 16548 (started by Martin in C:\Users\Martin\medication-spring-boot)
2024-05-28T19:07:48.941+02:00  INFO 16548 --- [webtech] [    Test worker] d.h.webtech.WebtechApplicationTests      : No active profile set, falling back to 1 default profile: "default"
2024-05-28T19:07:49.797+02:00  INFO 16548 --- [webtech] [    Test worker] d.h.webtech.WebtechApplicationTests      : Started WebtechApplicationTests in 1.054 seconds (process running for 1.941)
]]></system-out>
  <system-err><![CDATA[WARNING: A Java agent has been loaded dynamically (C:\Users\Martin\.gradle\caches\modules-2\files-2.1\net.bytebuddy\byte-buddy-agent\1.14.13\979ce25f7d3096a2e82214ba7dc972a05ce7a171\byte-buddy-agent-1.14.13.jar)
WARNING: If a serviceability tool is in use, please run with -XX:+EnableDynamicAgentLoading to hide this warning
WARNING: If a serviceability tool is not in use, please run with -Djdk.instrument.traceUsage for more information
WARNING: Dynamic loading of agents will be disallowed by default in a future release
]]></system-err>
</testsuite>
